# JRE version: OpenJDK Runtime Environment (17.0.7) (build 17.0.7+0-b2043.56-10550314)
# Java VM: OpenJDK 64-Bit Server VM (17.0.7+0-b2043.56-10550314, mixed mode, tiered, compressed oops, compressed class ptrs, g1 gc, windows-amd64)
GC Precious Log:
 CPUs: 12 total, 12 available
 Memory: 16324M
 Large Page Support: Disabled
 NUMA Support: Disabled
 Compressed Oops: Enabled (32-bit)
 Heap Region Size: 1M
 Heap Min Capacity: 8M
 Heap Initial Capacity: 256M
 Heap Max Capacity: 2G
 Pre-touch: Disabled
 Parallel Workers: 10
 Concurrent Workers: 3
 Concurrent Refinement Workers: 10
 Periodic GC: Disabled
Heap:
 garbage-first heap   total 249856K, used 194028K [0x0000000080000000, 0x0000000100000000)
  region size 1024K, 81 young (82944K), 7 survivors (7168K)
 Metaspace       used 99632K, committed 100416K, reserved 1179648K
  class space    used 13808K, committed 14208K, reserved 1048576K
GC Heap History (20 events):
Event: 17.364 GC heap before
{Heap before GC invocations=47 (full 0):
 garbage-first heap   total 161792K, used 130690K [0x0000000080000000, 0x0000000100000000)
  region size 1024K, 45 young (46080K), 1 survivors (1024K)
 Metaspace       used 87133K, committed 87808K, reserved 1179648K
  class space    used 12045K, committed 12416K, reserved 1048576K
}
Event: 17.366 GC heap after
{Heap after GC invocations=48 (full 0):
 garbage-first heap   total 161792K, used 87647K [0x0000000080000000, 0x0000000100000000)
  region size 1024K, 3 young (3072K), 3 survivors (3072K)
 Metaspace       used 87133K, committed 87808K, reserved 1179648K
  class space    used 12045K, committed 12416K, reserved 1048576K
}
Event: 18.011 GC heap before
{Heap before GC invocations=49 (full 0):
 garbage-first heap   total 161792K, used 132703K [0x0000000080000000, 0x0000000100000000)
  region size 1024K, 47 young (48128K), 3 survivors (3072K)
 Metaspace       used 90659K, committed 91264K, reserved 1179648K
  class space    used 12551K, committed 12864K, reserved 1048576K
}
Event: 18.014 GC heap after
{Heap after GC invocations=50 (full 0):
 garbage-first heap   total 161792K, used 90231K [0x0000000080000000, 0x0000000100000000)
  region size 1024K, 5 young (5120K), 5 survivors (5120K)
 Metaspace       used 90659K, committed 91264K, reserved 1179648K
  class space    used 12551K, committed 12864K, reserved 1048576K
}
Event: 18.037 GC heap before
{Heap before GC invocations=50 (full 0):
 garbage-first heap   total 161792K, used 92279K [0x0000000080000000, 0x0000000100000000)
  region size 1024K, 7 young (7168K), 5 survivors (5120K)
 Metaspace       used 90925K, committed 91584K, reserved 1179648K
  class space    used 12593K, committed 12928K, reserved 1048576K
}
Event: 18.040 GC heap after
{Heap after GC invocations=51 (full 0):
 garbage-first heap   total 161792K, used 90927K [0x0000000080000000, 0x0000000100000000)
  region size 1024K, 1 young (1024K), 1 survivors (1024K)
 Metaspace       used 90925K, committed 91584K, reserved 1179648K
  class space    used 12593K, committed 12928K, reserved 1048576K
}
Event: 18.458 GC heap before
{Heap before GC invocations=51 (full 0):
 garbage-first heap   total 161792K, used 133935K [0x0000000080000000, 0x0000000100000000)
  region size 1024K, 43 young (44032K), 1 survivors (1024K)
 Metaspace       used 94880K, committed 95552K, reserved 1179648K
  class space    used 13132K, committed 13504K, reserved 1048576K
}
Event: 18.460 GC heap after
{Heap after GC invocations=52 (full 0):
 garbage-first heap   total 161792K, used 93139K [0x0000000080000000, 0x0000000100000000)
  region size 1024K, 3 young (3072K), 3 survivors (3072K)
 Metaspace       used 94880K, committed 95552K, reserved 1179648K
  class space    used 13132K, committed 13504K, reserved 1048576K
}
Event: 18.768 GC heap before
{Heap before GC invocations=52 (full 0):
 garbage-first heap   total 161792K, used 135123K [0x0000000080000000, 0x0000000100000000)
  region size 1024K, 44 young (45056K), 3 survivors (3072K)
 Metaspace       used 96244K, committed 96960K, reserved 1179648K
  class space    used 13323K, committed 13696K, reserved 1048576K
}
Event: 18.772 GC heap after
{Heap after GC invocations=53 (full 0):
 garbage-first heap   total 161792K, used 97962K [0x0000000080000000, 0x0000000100000000)
  region size 1024K, 6 young (6144K), 6 survivors (6144K)
 Metaspace       used 96244K, committed 96960K, reserved 1179648K
  class space    used 13323K, committed 13696K, reserved 1048576K
}
Event: 19.007 GC heap before
{Heap before GC invocations=53 (full 0):
 garbage-first heap   total 161792K, used 134826K [0x0000000080000000, 0x0000000100000000)
  region size 1024K, 42 young (43008K), 6 survivors (6144K)
 Metaspace       used 96906K, committed 97600K, reserved 1179648K
  class space    used 13443K, committed 13824K, reserved 1048576K
}
Event: 19.013 GC heap after
{Heap after GC invocations=54 (full 0):
 garbage-first heap   total 161792K, used 103483K [0x0000000080000000, 0x0000000100000000)
  region size 1024K, 6 young (6144K), 6 survivors (6144K)
 Metaspace       used 96906K, committed 97600K, reserved 1179648K
  class space    used 13443K, committed 13824K, reserved 1048576K
}
Event: 19.413 GC heap before
{Heap before GC invocations=55 (full 0):
 garbage-first heap   total 178176K, used 133179K [0x0000000080000000, 0x0000000100000000)
  region size 1024K, 36 young (36864K), 6 survivors (6144K)
 Metaspace       used 98383K, committed 99136K, reserved 1179648K
  class space    used 13724K, committed 14080K, reserved 1048576K
}
Event: 19.419 GC heap after
{Heap after GC invocations=56 (full 0):
 garbage-first heap   total 178176K, used 108641K [0x0000000080000000, 0x0000000100000000)
  region size 1024K, 5 young (5120K), 5 survivors (5120K)
 Metaspace       used 98383K, committed 99136K, reserved 1179648K
  class space    used 13724K, committed 14080K, reserved 1048576K
}
Event: 19.428 GC heap before
{Heap before GC invocations=56 (full 0):
 garbage-first heap   total 178176K, used 110689K [0x0000000080000000, 0x0000000100000000)
  region size 1024K, 8 young (8192K), 5 survivors (5120K)
 Metaspace       used 98390K, committed 99136K, reserved 1179648K
  class space    used 13724K, committed 14080K, reserved 1048576K
}
Event: 19.432 GC heap after
{Heap after GC invocations=57 (full 0):
 garbage-first heap   total 249856K, used 109568K [0x0000000080000000, 0x0000000100000000)
  region size 1024K, 1 young (1024K), 1 survivors (1024K)
 Metaspace       used 98390K, committed 99136K, reserved 1179648K
  class space    used 13724K, committed 14080K, reserved 1048576K
}
Event: 19.842 GC heap before
{Heap before GC invocations=57 (full 0):
 garbage-first heap   total 249856K, used 193536K [0x0000000080000000, 0x0000000100000000)
  region size 1024K, 84 young (86016K), 1 survivors (1024K)
 Metaspace       used 98891K, committed 99648K, reserved 1179648K
  class space    used 13763K, committed 14144K, reserved 1048576K
}
Event: 19.847 GC heap after
{Heap after GC invocations=58 (full 0):
 garbage-first heap   total 249856K, used 115423K [0x0000000080000000, 0x0000000100000000)
  region size 1024K, 7 young (7168K), 7 survivors (7168K)
 Metaspace       used 98891K, committed 99648K, reserved 1179648K
  class space    used 13763K, committed 14144K, reserved 1048576K
}
Event: 20.377 GC heap before
{Heap before GC invocations=58 (full 0):
 garbage-first heap   total 249856K, used 200415K [0x0000000080000000, 0x0000000100000000)
  region size 1024K, 91 young (93184K), 7 survivors (7168K)
 Metaspace       used 99276K, committed 100032K, reserved 1179648K
  class space    used 13776K, committed 14144K, reserved 1048576K
}
Event: 20.382 GC heap after
{Heap after GC invocations=59 (full 0):
 garbage-first heap   total 249856K, used 120300K [0x0000000080000000, 0x0000000100000000)
  region size 1024K, 7 young (7168K), 7 survivors (7168K)
 Metaspace       used 99276K, committed 100032K, reserved 1179648K
  class space    used 13776K, committed 14144K, reserved 1048576K
}

